{"C:\\xampp\\htdocs\\bliblog3\\src\\components\\NavBar.vue": {"path":"C:\\xampp\\htdocs\\bliblog3\\src\\components\\NavBar.vue","statementMap":{"0":{"start":{"line":21,"column":0},"end":{"line":32,"column":null}},"1":{"start":{"line":1,"column":0},"end":{"line":1,"column":null}}},"fnMap":{"0":{"name":"(anonymous_1)","decl":{"start":{"line":1,"column":0},"end":{"line":1,"column":null}},"loc":{"start":{"line":1,"column":0},"end":{"line":1,"column":null}}}},"branchMap":{},"s":{"0":1,"1":6},"f":{"0":1},"b":{}}
,"C:\\xampp\\htdocs\\bliblog3\\src\\pages\\AppPost.vue": {"path":"C:\\xampp\\htdocs\\bliblog3\\src\\pages\\AppPost.vue","statementMap":{"0":{"start":{"line":1,"column":0},"end":{"line":1,"column":null}}},"fnMap":{"0":{"name":"(anonymous_0)","decl":{"start":{"line":1,"column":0},"end":{"line":1,"column":null}},"loc":{"start":{"line":1,"column":0},"end":{"line":1,"column":null}}}},"branchMap":{"0":{"loc":{"start":{"line":1,"column":0},"end":{"line":1,"column":null}},"type":"cond-expr","locations":[{"start":{"line":1,"column":0},"end":{"line":1,"column":null}},{"start":{"line":1,"column":0},"end":{"line":1,"column":null}}]}},"s":{"0":18},"f":{"0":5},"b":{"0":[1,4]}}
,"C:\\xampp\\htdocs\\bliblog3\\src\\pages\\AppPosts.vue": {"path":"C:\\xampp\\htdocs\\bliblog3\\src\\pages\\AppPosts.vue","statementMap":{"0":{"start":{"line":1,"column":0},"end":{"line":1,"column":null}}},"fnMap":{"0":{"name":"(anonymous_0)","decl":{"start":{"line":1,"column":0},"end":{"line":1,"column":null}},"loc":{"start":{"line":1,"column":0},"end":{"line":1,"column":null}}}},"branchMap":{"0":{"loc":{"start":{"line":1,"column":0},"end":{"line":1,"column":null}},"type":"cond-expr","locations":[{"start":{"line":1,"column":0},"end":{"line":1,"column":null}},{"start":{"line":1,"column":0},"end":{"line":1,"column":null}}]}},"s":{"0":21},"f":{"0":10},"b":{"0":[3,1]}}
,"C:\\xampp\\htdocs\\bliblog3\\src\\store\\main.js": {"path":"C:\\xampp\\htdocs\\bliblog3\\src\\store\\main.js","statementMap":{"0":{"start":{"line":3,"column":21},"end":{"line":9,"column":1}},"1":{"start":{"line":11,"column":23},"end":{"line":33,"column":1}},"2":{"start":{"line":13,"column":21},"end":{"line":18,"column":6}},"3":{"start":{"line":14,"column":6},"end":{"line":16,"column":8}},"4":{"start":{"line":15,"column":8},"end":{"line":15,"column":40}},"5":{"start":{"line":17,"column":6},"end":{"line":17,"column":17}},"6":{"start":{"line":19,"column":4},"end":{"line":19,"column":19}},"7":{"start":{"line":22,"column":4},"end":{"line":22,"column":24}},"8":{"start":{"line":25,"column":4},"end":{"line":25,"column":28}},"9":{"start":{"line":28,"column":4},"end":{"line":28,"column":30}},"10":{"start":{"line":31,"column":4},"end":{"line":31,"column":26}},"11":{"start":{"line":35,"column":25},"end":{"line":51,"column":1}},"12":{"start":{"line":37,"column":4},"end":{"line":37,"column":23}},"13":{"start":{"line":40,"column":4},"end":{"line":40,"column":28}},"14":{"start":{"line":43,"column":4},"end":{"line":43,"column":32}},"15":{"start":{"line":46,"column":4},"end":{"line":46,"column":25}},"16":{"start":{"line":49,"column":4},"end":{"line":49,"column":27}},"17":{"start":{"line":53,"column":23},"end":{"line":94,"column":1}},"18":{"start":{"line":55,"column":4},"end":{"line":62,"column":8}},"19":{"start":{"line":58,"column":8},"end":{"line":58,"column":41}},"20":{"start":{"line":61,"column":8},"end":{"line":61,"column":45}},"21":{"start":{"line":65,"column":4},"end":{"line":72,"column":8}},"22":{"start":{"line":68,"column":8},"end":{"line":68,"column":40}},"23":{"start":{"line":71,"column":8},"end":{"line":71,"column":45}},"24":{"start":{"line":75,"column":4},"end":{"line":82,"column":8}},"25":{"start":{"line":78,"column":8},"end":{"line":78,"column":42}},"26":{"start":{"line":81,"column":8},"end":{"line":81,"column":45}},"27":{"start":{"line":85,"column":4},"end":{"line":92,"column":8}},"28":{"start":{"line":88,"column":8},"end":{"line":88,"column":43}},"29":{"start":{"line":91,"column":8},"end":{"line":91,"column":45}}},"fnMap":{"0":{"name":"(anonymous_0)","decl":{"start":{"line":12,"column":12},"end":{"line":12,"column":13}},"loc":{"start":{"line":12,"column":23},"end":{"line":20,"column":3}},"line":12},"1":{"name":"(anonymous_1)","decl":{"start":{"line":13,"column":37},"end":{"line":13,"column":38}},"loc":{"start":{"line":13,"column":47},"end":{"line":18,"column":5}},"line":13},"2":{"name":"(anonymous_2)","decl":{"start":{"line":14,"column":37},"end":{"line":14,"column":38}},"loc":{"start":{"line":14,"column":49},"end":{"line":16,"column":7}},"line":14},"3":{"name":"(anonymous_3)","decl":{"start":{"line":21,"column":14},"end":{"line":21,"column":15}},"loc":{"start":{"line":21,"column":25},"end":{"line":23,"column":3}},"line":21},"4":{"name":"(anonymous_4)","decl":{"start":{"line":24,"column":11},"end":{"line":24,"column":12}},"loc":{"start":{"line":24,"column":22},"end":{"line":26,"column":3}},"line":24},"5":{"name":"(anonymous_5)","decl":{"start":{"line":27,"column":13},"end":{"line":27,"column":14}},"loc":{"start":{"line":27,"column":24},"end":{"line":29,"column":3}},"line":27},"6":{"name":"(anonymous_6)","decl":{"start":{"line":30,"column":13},"end":{"line":30,"column":14}},"loc":{"start":{"line":30,"column":24},"end":{"line":32,"column":3}},"line":30},"7":{"name":"(anonymous_7)","decl":{"start":{"line":36,"column":2},"end":{"line":36,"column":3}},"loc":{"start":{"line":36,"column":25},"end":{"line":38,"column":3}},"line":36},"8":{"name":"(anonymous_8)","decl":{"start":{"line":39,"column":2},"end":{"line":39,"column":3}},"loc":{"start":{"line":39,"column":23},"end":{"line":41,"column":3}},"line":39},"9":{"name":"(anonymous_9)","decl":{"start":{"line":42,"column":2},"end":{"line":42,"column":3}},"loc":{"start":{"line":42,"column":27},"end":{"line":44,"column":3}},"line":42},"10":{"name":"(anonymous_10)","decl":{"start":{"line":45,"column":2},"end":{"line":45,"column":3}},"loc":{"start":{"line":45,"column":27},"end":{"line":47,"column":3}},"line":45},"11":{"name":"(anonymous_11)","decl":{"start":{"line":48,"column":2},"end":{"line":48,"column":3}},"loc":{"start":{"line":48,"column":29},"end":{"line":50,"column":3}},"line":48},"12":{"name":"(anonymous_12)","decl":{"start":{"line":54,"column":14},"end":{"line":54,"column":15}},"loc":{"start":{"line":54,"column":30},"end":{"line":63,"column":3}},"line":54},"13":{"name":"(anonymous_13)","decl":{"start":{"line":57,"column":12},"end":{"line":57,"column":13}},"loc":{"start":{"line":57,"column":26},"end":{"line":59,"column":7}},"line":57},"14":{"name":"(anonymous_14)","decl":{"start":{"line":60,"column":13},"end":{"line":60,"column":14}},"loc":{"start":{"line":60,"column":24},"end":{"line":62,"column":7}},"line":60},"15":{"name":"(anonymous_15)","decl":{"start":{"line":64,"column":13},"end":{"line":64,"column":14}},"loc":{"start":{"line":64,"column":38},"end":{"line":73,"column":3}},"line":64},"16":{"name":"(anonymous_16)","decl":{"start":{"line":67,"column":12},"end":{"line":67,"column":13}},"loc":{"start":{"line":67,"column":26},"end":{"line":69,"column":7}},"line":67},"17":{"name":"(anonymous_17)","decl":{"start":{"line":70,"column":13},"end":{"line":70,"column":14}},"loc":{"start":{"line":70,"column":24},"end":{"line":72,"column":7}},"line":70},"18":{"name":"(anonymous_18)","decl":{"start":{"line":74,"column":15},"end":{"line":74,"column":16}},"loc":{"start":{"line":74,"column":41},"end":{"line":83,"column":3}},"line":74},"19":{"name":"(anonymous_19)","decl":{"start":{"line":77,"column":12},"end":{"line":77,"column":13}},"loc":{"start":{"line":77,"column":26},"end":{"line":79,"column":7}},"line":77},"20":{"name":"(anonymous_20)","decl":{"start":{"line":80,"column":13},"end":{"line":80,"column":14}},"loc":{"start":{"line":80,"column":24},"end":{"line":82,"column":7}},"line":80},"21":{"name":"(anonymous_21)","decl":{"start":{"line":84,"column":16},"end":{"line":84,"column":17}},"loc":{"start":{"line":84,"column":32},"end":{"line":93,"column":3}},"line":84},"22":{"name":"(anonymous_22)","decl":{"start":{"line":87,"column":12},"end":{"line":87,"column":13}},"loc":{"start":{"line":87,"column":26},"end":{"line":89,"column":7}},"line":87},"23":{"name":"(anonymous_23)","decl":{"start":{"line":90,"column":13},"end":{"line":90,"column":14}},"loc":{"start":{"line":90,"column":24},"end":{"line":92,"column":7}},"line":90}},"branchMap":{},"s":{"0":1,"1":1,"2":1,"3":2,"4":2,"5":2,"6":1,"7":1,"8":1,"9":1,"10":1,"11":1,"12":1,"13":1,"14":1,"15":1,"16":1,"17":1,"18":2,"19":1,"20":1,"21":2,"22":1,"23":1,"24":2,"25":1,"26":1,"27":2,"28":1,"29":1},"f":{"0":1,"1":2,"2":2,"3":1,"4":1,"5":1,"6":1,"7":1,"8":1,"9":1,"10":1,"11":1,"12":2,"13":1,"14":1,"15":2,"16":1,"17":1,"18":2,"19":1,"20":1,"21":2,"22":1,"23":1},"b":{},"_coverageSchema":"1a1c01bbd47fc00a2c39e90264f33305004495a9","hash":"20394920be4507971a625ac885d5e186aae2ef94"}
}
