TN:
SF:src\components\NavBar.vue
FN:1,(anonymous_1)
FNF:1
FNH:1
FNDA:1,(anonymous_1)
DA:1,6
DA:21,1
LF:2
LH:2
BRF:0
BRH:0
end_of_record
TN:
SF:src\pages\AppPosts.vue
FN:1,(anonymous_0)
FNF:1
FNH:1
FNDA:10,(anonymous_0)
DA:1,21
LF:1
LH:1
BRDA:1,0,0,1
BRDA:1,0,1,3
BRF:2
BRH:2
end_of_record
TN:
SF:src\store\main.js
FN:12,(anonymous_0)
FN:13,(anonymous_1)
FN:14,(anonymous_2)
FN:21,(anonymous_3)
FN:24,(anonymous_4)
FN:27,(anonymous_5)
FN:30,(anonymous_6)
FN:36,(anonymous_7)
FN:39,(anonymous_8)
FN:42,(anonymous_9)
FN:45,(anonymous_10)
FN:48,(anonymous_11)
FN:54,(anonymous_12)
FN:57,(anonymous_13)
FN:61,(anonymous_14)
FN:66,(anonymous_15)
FN:69,(anonymous_16)
FN:73,(anonymous_17)
FN:77,(anonymous_18)
FN:80,(anonymous_19)
FN:84,(anonymous_20)
FN:88,(anonymous_21)
FN:91,(anonymous_22)
FN:95,(anonymous_23)
FNF:24
FNH:21
FNDA:1,(anonymous_0)
FNDA:2,(anonymous_1)
FNDA:2,(anonymous_2)
FNDA:1,(anonymous_3)
FNDA:1,(anonymous_4)
FNDA:1,(anonymous_5)
FNDA:1,(anonymous_6)
FNDA:1,(anonymous_7)
FNDA:1,(anonymous_8)
FNDA:1,(anonymous_9)
FNDA:2,(anonymous_10)
FNDA:1,(anonymous_11)
FNDA:2,(anonymous_12)
FNDA:1,(anonymous_13)
FNDA:1,(anonymous_14)
FNDA:1,(anonymous_15)
FNDA:1,(anonymous_16)
FNDA:0,(anonymous_17)
FNDA:1,(anonymous_18)
FNDA:1,(anonymous_19)
FNDA:0,(anonymous_20)
FNDA:1,(anonymous_21)
FNDA:1,(anonymous_22)
FNDA:0,(anonymous_23)
DA:3,1
DA:11,1
DA:13,1
DA:14,2
DA:15,2
DA:17,2
DA:19,1
DA:22,1
DA:25,1
DA:28,1
DA:31,1
DA:35,1
DA:37,1
DA:40,1
DA:43,1
DA:46,2
DA:49,1
DA:53,1
DA:55,2
DA:58,1
DA:59,1
DA:62,1
DA:67,1
DA:70,1
DA:71,1
DA:74,0
DA:78,1
DA:81,1
DA:82,1
DA:85,0
DA:89,1
DA:92,1
DA:93,1
DA:96,0
LF:34
LH:31
BRF:0
BRH:0
end_of_record
